

> @ssc/react@0.0.0 build /Users/donggyulee/Projects/scene-state-core/packages/react
> tsup

[34mCLI[39m Building entry: src/index.ts
[34mCLI[39m Using tsconfig: tsconfig.json
[34mCLI[39m tsup v8.5.0
[34mCLI[39m Using tsup config: /Users/donggyulee/Projects/scene-state-core/packages/react/tsup.config.ts
[34mCLI[39m Target: es2022
[34mCLI[39m Cleaning output folder
[34mESM[39m Build start
[34mCJS[39m Build start
[32mESM[39m [1mdist/index.js     [22m[32m157.00 B[39m
[32mESM[39m [1mdist/index.js.map [22m[32m216.00 B[39m
[32mESM[39m ⚡️ Build success in 34ms
[32mCJS[39m [1mdist/index.cjs     [22m[32m184.00 B[39m
[32mCJS[39m [1mdist/index.cjs.map [22m[32m219.00 B[39m
[32mCJS[39m ⚡️ Build success in 34ms
DTS Build start
DTS ⚡️ Build success in 420ms
DTS dist/index.d.ts  63.00 B
DTS dist/index.d.cts 63.00 B
