

> @ssc/core@0.0.0 build /Users/donggyulee/Projects/scene-state-core/packages/core
> tsup

[34mCLI[39m Building entry: src/index.ts
[34mCLI[39m Using tsconfig: tsconfig.json
[34mCLI[39m tsup v8.5.0
[34mCLI[39m Using tsup config: /Users/donggyulee/Projects/scene-state-core/packages/core/tsup.config.ts
[34mCLI[39m Target: es2022
[34mCLI[39m Cleaning output folder
[34mESM[39m Build start
[34mCJS[39m Build start
[32mESM[39m [1mdist/index.js     [22m[32m138.00 B[39m
[32mESM[39m [1mdist/index.js.map [22m[32m174.00 B[39m
[32mESM[39m ⚡️ Build success in 19ms
[32mCJS[39m [1mdist/index.cjs     [22m[32m162.00 B[39m
[32mCJS[39m [1mdist/index.cjs.map [22m[32m177.00 B[39m
[32mCJS[39m ⚡️ Build success in 19ms
DTS Build start
DTS ⚡️ Build success in 232ms
DTS dist/index.d.ts  58.00 B
DTS dist/index.d.cts 58.00 B
